
*** Running vivado
    with args -log display_tb.vds -m64 -product Vivado -mode batch -messageDb vivado.pb -notrace -source display_tb.tcl


Commande ECHO d‚sactiv‚e.
Commande ECHO d‚sactiv‚e.

****** Vivado v2023.2 (64-bit)
  **** SW Build 4029153 on Fri Oct 13 20:14:34 MDT 2023
  **** IP Build 4028589 on Sat Oct 14 00:45:43 MDT 2023
  **** SharedData Build 4025554 on Tue Oct 10 17:18:54 MDT 2023
    ** Copyright 1986-2022 Xilinx, Inc. All Rights Reserved.
    ** Copyright 2022-2023 Advanced Micro Devices, Inc. All Rights Reserved.

source display_tb.tcl -notrace
create_project: Time (s): cpu = 00:00:12 ; elapsed = 00:00:13 . Memory (MB): peak = 501.992 ; gain = 221.312
Command: read_checkpoint -auto_incremental -incremental {C:/Users/coren/Documents/Unif/Digital architecture and design/elech409_project/display/display.srcs/utils_1/imports/synth_1/display_tb.dcp}
INFO: [Vivado 12-5825] Read reference checkpoint from C:/Users/coren/Documents/Unif/Digital architecture and design/elech409_project/display/display.srcs/utils_1/imports/synth_1/display_tb.dcp for incremental synthesis
INFO: [Vivado 12-7989] Please ensure there are no constraint changes
Command: synth_design -top display_tb -part xc7a35tcpg236-1
Starting synth_design
Attempting to get a license for feature 'Synthesis' and/or device 'xc7a35t'
INFO: [Common 17-349] Got license for feature 'Synthesis' and/or device 'xc7a35t'
INFO: [Device 21-403] Loading part xc7a35tcpg236-1
INFO: [Designutils 20-5440] No compile time benefit to using incremental synthesis; A full resynthesis will be run
INFO: [Designutils 20-4379] Flow is switching to default flow due to incremental criteria not met. If you would like to alter this behaviour and have the flow terminate instead, please set the following parameter config_implementation {autoIncr.Synth.RejectBehavior Terminate}
INFO: [Synth 8-7079] Multithreading enabled for synth_design using a maximum of 2 processes.
INFO: [Synth 8-7078] Launching helper process for spawning children vivado processes
INFO: [Synth 8-7075] Helper process launched with PID 24604
---------------------------------------------------------------------------------
Starting RTL Elaboration : Time (s): cpu = 00:00:09 ; elapsed = 00:00:10 . Memory (MB): peak = 1332.824 ; gain = 439.875
---------------------------------------------------------------------------------
INFO: [Synth 8-638] synthesizing module 'display_tb' [C:/Users/coren/Documents/Unif/Digital architecture and design/elech409_project/display/display.srcs/sources_1/new/display_tb.vhd:38]
INFO: [Synth 8-256] done synthesizing module 'display_tb' (0#1) [C:/Users/coren/Documents/Unif/Digital architecture and design/elech409_project/display/display.srcs/sources_1/new/display_tb.vhd:38]
WARNING: [Synth 8-3330] design display_tb has an empty top module
---------------------------------------------------------------------------------
Finished RTL Elaboration : Time (s): cpu = 00:00:12 ; elapsed = 00:00:13 . Memory (MB): peak = 1439.531 ; gain = 546.582
---------------------------------------------------------------------------------
---------------------------------------------------------------------------------
Start Handling Custom Attributes
---------------------------------------------------------------------------------
---------------------------------------------------------------------------------
Finished Handling Custom Attributes : Time (s): cpu = 00:00:12 ; elapsed = 00:00:13 . Memory (MB): peak = 1439.531 ; gain = 546.582
---------------------------------------------------------------------------------
---------------------------------------------------------------------------------
Finished RTL Optimization Phase 1 : Time (s): cpu = 00:00:12 ; elapsed = 00:00:13 . Memory (MB): peak = 1439.531 ; gain = 546.582
---------------------------------------------------------------------------------
Netlist sorting complete. Time (s): cpu = 00:00:00 ; elapsed = 00:00:00 . Memory (MB): peak = 1439.531 ; gain = 0.000
INFO: [Project 1-570] Preparing netlist for logic optimization

Processing XDC Constraints
Initializing timing engine
Parsing XDC File [C:/Users/coren/OneDrive/Documents/Unif/Ma2/Digital architecture and design/Lab/Lab4/Basys-3-Master.xdc]
WARNING: [Vivado 12-584] No ports matched 'CLK_100MHZ'. [C:/Users/coren/OneDrive/Documents/Unif/Ma2/Digital architecture and design/Lab/Lab4/Basys-3-Master.xdc:7]
CRITICAL WARNING: [Common 17-55] 'set_property' expects at least one object. [C:/Users/coren/OneDrive/Documents/Unif/Ma2/Digital architecture and design/Lab/Lab4/Basys-3-Master.xdc:7]
Resolution: If [get_<value>] was used to populate the object, check to make sure this command returns at least one valid object.
WARNING: [Vivado 12-584] No ports matched 'BCD_SW[0]'. [C:/Users/coren/OneDrive/Documents/Unif/Ma2/Digital architecture and design/Lab/Lab4/Basys-3-Master.xdc:12]
CRITICAL WARNING: [Common 17-55] 'set_property' expects at least one object. [C:/Users/coren/OneDrive/Documents/Unif/Ma2/Digital architecture and design/Lab/Lab4/Basys-3-Master.xdc:12]
Resolution: If [get_<value>] was used to populate the object, check to make sure this command returns at least one valid object.
WARNING: [Vivado 12-584] No ports matched 'BCD_SW[1]'. [C:/Users/coren/OneDrive/Documents/Unif/Ma2/Digital architecture and design/Lab/Lab4/Basys-3-Master.xdc:13]
CRITICAL WARNING: [Common 17-55] 'set_property' expects at least one object. [C:/Users/coren/OneDrive/Documents/Unif/Ma2/Digital architecture and design/Lab/Lab4/Basys-3-Master.xdc:13]
Resolution: If [get_<value>] was used to populate the object, check to make sure this command returns at least one valid object.
WARNING: [Vivado 12-584] No ports matched 'BCD_SW[2]'. [C:/Users/coren/OneDrive/Documents/Unif/Ma2/Digital architecture and design/Lab/Lab4/Basys-3-Master.xdc:14]
CRITICAL WARNING: [Common 17-55] 'set_property' expects at least one object. [C:/Users/coren/OneDrive/Documents/Unif/Ma2/Digital architecture and design/Lab/Lab4/Basys-3-Master.xdc:14]
Resolution: If [get_<value>] was used to populate the object, check to make sure this command returns at least one valid object.
WARNING: [Vivado 12-584] No ports matched 'BCD_SW[3]'. [C:/Users/coren/OneDrive/Documents/Unif/Ma2/Digital architecture and design/Lab/Lab4/Basys-3-Master.xdc:15]
CRITICAL WARNING: [Common 17-55] 'set_property' expects at least one object. [C:/Users/coren/OneDrive/Documents/Unif/Ma2/Digital architecture and design/Lab/Lab4/Basys-3-Master.xdc:15]
Resolution: If [get_<value>] was used to populate the object, check to make sure this command returns at least one valid object.
WARNING: [Vivado 12-584] No ports matched 'BCD_SW[4]'. [C:/Users/coren/OneDrive/Documents/Unif/Ma2/Digital architecture and design/Lab/Lab4/Basys-3-Master.xdc:16]
CRITICAL WARNING: [Common 17-55] 'set_property' expects at least one object. [C:/Users/coren/OneDrive/Documents/Unif/Ma2/Digital architecture and design/Lab/Lab4/Basys-3-Master.xdc:16]
Resolution: If [get_<value>] was used to populate the object, check to make sure this command returns at least one valid object.
WARNING: [Vivado 12-584] No ports matched 'BCD_SW[5]'. [C:/Users/coren/OneDrive/Documents/Unif/Ma2/Digital architecture and design/Lab/Lab4/Basys-3-Master.xdc:17]
CRITICAL WARNING: [Common 17-55] 'set_property' expects at least one object. [C:/Users/coren/OneDrive/Documents/Unif/Ma2/Digital architecture and design/Lab/Lab4/Basys-3-Master.xdc:17]
Resolution: If [get_<value>] was used to populate the object, check to make sure this command returns at least one valid object.
WARNING: [Vivado 12-584] No ports matched 'BCD_SW[6]'. [C:/Users/coren/OneDrive/Documents/Unif/Ma2/Digital architecture and design/Lab/Lab4/Basys-3-Master.xdc:18]
CRITICAL WARNING: [Common 17-55] 'set_property' expects at least one object. [C:/Users/coren/OneDrive/Documents/Unif/Ma2/Digital architecture and design/Lab/Lab4/Basys-3-Master.xdc:18]
Resolution: If [get_<value>] was used to populate the object, check to make sure this command returns at least one valid object.
WARNING: [Vivado 12-584] No ports matched 'BCD_SW[7]'. [C:/Users/coren/OneDrive/Documents/Unif/Ma2/Digital architecture and design/Lab/Lab4/Basys-3-Master.xdc:19]
CRITICAL WARNING: [Common 17-55] 'set_property' expects at least one object. [C:/Users/coren/OneDrive/Documents/Unif/Ma2/Digital architecture and design/Lab/Lab4/Basys-3-Master.xdc:19]
Resolution: If [get_<value>] was used to populate the object, check to make sure this command returns at least one valid object.
WARNING: [Vivado 12-584] No ports matched 'BCD_SW[8]'. [C:/Users/coren/OneDrive/Documents/Unif/Ma2/Digital architecture and design/Lab/Lab4/Basys-3-Master.xdc:20]
CRITICAL WARNING: [Common 17-55] 'set_property' expects at least one object. [C:/Users/coren/OneDrive/Documents/Unif/Ma2/Digital architecture and design/Lab/Lab4/Basys-3-Master.xdc:20]
Resolution: If [get_<value>] was used to populate the object, check to make sure this command returns at least one valid object.
WARNING: [Vivado 12-584] No ports matched 'BCD_SW[9]'. [C:/Users/coren/OneDrive/Documents/Unif/Ma2/Digital architecture and design/Lab/Lab4/Basys-3-Master.xdc:21]
CRITICAL WARNING: [Common 17-55] 'set_property' expects at least one object. [C:/Users/coren/OneDrive/Documents/Unif/Ma2/Digital architecture and design/Lab/Lab4/Basys-3-Master.xdc:21]
Resolution: If [get_<value>] was used to populate the object, check to make sure this command returns at least one valid object.
WARNING: [Vivado 12-584] No ports matched 'BCD_SW[10]'. [C:/Users/coren/OneDrive/Documents/Unif/Ma2/Digital architecture and design/Lab/Lab4/Basys-3-Master.xdc:22]
CRITICAL WARNING: [Common 17-55] 'set_property' expects at least one object. [C:/Users/coren/OneDrive/Documents/Unif/Ma2/Digital architecture and design/Lab/Lab4/Basys-3-Master.xdc:22]
Resolution: If [get_<value>] was used to populate the object, check to make sure this command returns at least one valid object.
WARNING: [Vivado 12-584] No ports matched 'BCD_SW[11]'. [C:/Users/coren/OneDrive/Documents/Unif/Ma2/Digital architecture and design/Lab/Lab4/Basys-3-Master.xdc:23]
CRITICAL WARNING: [Common 17-55] 'set_property' expects at least one object. [C:/Users/coren/OneDrive/Documents/Unif/Ma2/Digital architecture and design/Lab/Lab4/Basys-3-Master.xdc:23]
Resolution: If [get_<value>] was used to populate the object, check to make sure this command returns at least one valid object.
WARNING: [Vivado 12-584] No ports matched 'BCD_SW[12]'. [C:/Users/coren/OneDrive/Documents/Unif/Ma2/Digital architecture and design/Lab/Lab4/Basys-3-Master.xdc:24]
CRITICAL WARNING: [Common 17-55] 'set_property' expects at least one object. [C:/Users/coren/OneDrive/Documents/Unif/Ma2/Digital architecture and design/Lab/Lab4/Basys-3-Master.xdc:24]
Resolution: If [get_<value>] was used to populate the object, check to make sure this command returns at least one valid object.
WARNING: [Vivado 12-584] No ports matched 'BCD_SW[13]'. [C:/Users/coren/OneDrive/Documents/Unif/Ma2/Digital architecture and design/Lab/Lab4/Basys-3-Master.xdc:25]
CRITICAL WARNING: [Common 17-55] 'set_property' expects at least one object. [C:/Users/coren/OneDrive/Documents/Unif/Ma2/Digital architecture and design/Lab/Lab4/Basys-3-Master.xdc:25]
Resolution: If [get_<value>] was used to populate the object, check to make sure this command returns at least one valid object.
WARNING: [Vivado 12-584] No ports matched 'BCD_SW[14]'. [C:/Users/coren/OneDrive/Documents/Unif/Ma2/Digital architecture and design/Lab/Lab4/Basys-3-Master.xdc:26]
CRITICAL WARNING: [Common 17-55] 'set_property' expects at least one object. [C:/Users/coren/OneDrive/Documents/Unif/Ma2/Digital architecture and design/Lab/Lab4/Basys-3-Master.xdc:26]
Resolution: If [get_<value>] was used to populate the object, check to make sure this command returns at least one valid object.
WARNING: [Vivado 12-584] No ports matched 'BCD_SW[15]'. [C:/Users/coren/OneDrive/Documents/Unif/Ma2/Digital architecture and design/Lab/Lab4/Basys-3-Master.xdc:27]
CRITICAL WARNING: [Common 17-55] 'set_property' expects at least one object. [C:/Users/coren/OneDrive/Documents/Unif/Ma2/Digital architecture and design/Lab/Lab4/Basys-3-Master.xdc:27]
Resolution: If [get_<value>] was used to populate the object, check to make sure this command returns at least one valid object.
WARNING: [Vivado 12-584] No ports matched 'SEG_OUT[0]'. [C:/Users/coren/OneDrive/Documents/Unif/Ma2/Digital architecture and design/Lab/Lab4/Basys-3-Master.xdc:52]
CRITICAL WARNING: [Common 17-55] 'set_property' expects at least one object. [C:/Users/coren/OneDrive/Documents/Unif/Ma2/Digital architecture and design/Lab/Lab4/Basys-3-Master.xdc:52]
Resolution: If [get_<value>] was used to populate the object, check to make sure this command returns at least one valid object.
WARNING: [Vivado 12-584] No ports matched 'SEG_OUT[1]'. [C:/Users/coren/OneDrive/Documents/Unif/Ma2/Digital architecture and design/Lab/Lab4/Basys-3-Master.xdc:53]
CRITICAL WARNING: [Common 17-55] 'set_property' expects at least one object. [C:/Users/coren/OneDrive/Documents/Unif/Ma2/Digital architecture and design/Lab/Lab4/Basys-3-Master.xdc:53]
Resolution: If [get_<value>] was used to populate the object, check to make sure this command returns at least one valid object.
WARNING: [Vivado 12-584] No ports matched 'SEG_OUT[2]'. [C:/Users/coren/OneDrive/Documents/Unif/Ma2/Digital architecture and design/Lab/Lab4/Basys-3-Master.xdc:54]
CRITICAL WARNING: [Common 17-55] 'set_property' expects at least one object. [C:/Users/coren/OneDrive/Documents/Unif/Ma2/Digital architecture and design/Lab/Lab4/Basys-3-Master.xdc:54]
Resolution: If [get_<value>] was used to populate the object, check to make sure this command returns at least one valid object.
WARNING: [Vivado 12-584] No ports matched 'SEG_OUT[3]'. [C:/Users/coren/OneDrive/Documents/Unif/Ma2/Digital architecture and design/Lab/Lab4/Basys-3-Master.xdc:55]
CRITICAL WARNING: [Common 17-55] 'set_property' expects at least one object. [C:/Users/coren/OneDrive/Documents/Unif/Ma2/Digital architecture and design/Lab/Lab4/Basys-3-Master.xdc:55]
Resolution: If [get_<value>] was used to populate the object, check to make sure this command returns at least one valid object.
WARNING: [Vivado 12-584] No ports matched 'SEG_OUT[4]'. [C:/Users/coren/OneDrive/Documents/Unif/Ma2/Digital architecture and design/Lab/Lab4/Basys-3-Master.xdc:56]
CRITICAL WARNING: [Common 17-55] 'set_property' expects at least one object. [C:/Users/coren/OneDrive/Documents/Unif/Ma2/Digital architecture and design/Lab/Lab4/Basys-3-Master.xdc:56]
Resolution: If [get_<value>] was used to populate the object, check to make sure this command returns at least one valid object.
WARNING: [Vivado 12-584] No ports matched 'SEG_OUT[5]'. [C:/Users/coren/OneDrive/Documents/Unif/Ma2/Digital architecture and design/Lab/Lab4/Basys-3-Master.xdc:57]
CRITICAL WARNING: [Common 17-55] 'set_property' expects at least one object. [C:/Users/coren/OneDrive/Documents/Unif/Ma2/Digital architecture and design/Lab/Lab4/Basys-3-Master.xdc:57]
Resolution: If [get_<value>] was used to populate the object, check to make sure this command returns at least one valid object.
WARNING: [Vivado 12-584] No ports matched 'SEG_OUT[6]'. [C:/Users/coren/OneDrive/Documents/Unif/Ma2/Digital architecture and design/Lab/Lab4/Basys-3-Master.xdc:58]
CRITICAL WARNING: [Common 17-55] 'set_property' expects at least one object. [C:/Users/coren/OneDrive/Documents/Unif/Ma2/Digital architecture and design/Lab/Lab4/Basys-3-Master.xdc:58]
Resolution: If [get_<value>] was used to populate the object, check to make sure this command returns at least one valid object.
WARNING: [Vivado 12-584] No ports matched 'ANODE_ACT[0]'. [C:/Users/coren/OneDrive/Documents/Unif/Ma2/Digital architecture and design/Lab/Lab4/Basys-3-Master.xdc:62]
CRITICAL WARNING: [Common 17-55] 'set_property' expects at least one object. [C:/Users/coren/OneDrive/Documents/Unif/Ma2/Digital architecture and design/Lab/Lab4/Basys-3-Master.xdc:62]
Resolution: If [get_<value>] was used to populate the object, check to make sure this command returns at least one valid object.
WARNING: [Vivado 12-584] No ports matched 'ANODE_ACT[1]'. [C:/Users/coren/OneDrive/Documents/Unif/Ma2/Digital architecture and design/Lab/Lab4/Basys-3-Master.xdc:63]
CRITICAL WARNING: [Common 17-55] 'set_property' expects at least one object. [C:/Users/coren/OneDrive/Documents/Unif/Ma2/Digital architecture and design/Lab/Lab4/Basys-3-Master.xdc:63]
Resolution: If [get_<value>] was used to populate the object, check to make sure this command returns at least one valid object.
WARNING: [Vivado 12-584] No ports matched 'ANODE_ACT[2]'. [C:/Users/coren/OneDrive/Documents/Unif/Ma2/Digital architecture and design/Lab/Lab4/Basys-3-Master.xdc:64]
CRITICAL WARNING: [Common 17-55] 'set_property' expects at least one object. [C:/Users/coren/OneDrive/Documents/Unif/Ma2/Digital architecture and design/Lab/Lab4/Basys-3-Master.xdc:64]
Resolution: If [get_<value>] was used to populate the object, check to make sure this command returns at least one valid object.
WARNING: [Vivado 12-584] No ports matched 'ANODE_ACT[3]'. [C:/Users/coren/OneDrive/Documents/Unif/Ma2/Digital architecture and design/Lab/Lab4/Basys-3-Master.xdc:65]
CRITICAL WARNING: [Common 17-55] 'set_property' expects at least one object. [C:/Users/coren/OneDrive/Documents/Unif/Ma2/Digital architecture and design/Lab/Lab4/Basys-3-Master.xdc:65]
Resolution: If [get_<value>] was used to populate the object, check to make sure this command returns at least one valid object.
WARNING: [Vivado 12-584] No ports matched 'btnR'. [C:/Users/coren/OneDrive/Documents/Unif/Ma2/Digital architecture and design/Lab/Lab4/Basys-3-Master.xdc:72]
CRITICAL WARNING: [Common 17-55] 'set_property' expects at least one object. [C:/Users/coren/OneDrive/Documents/Unif/Ma2/Digital architecture and design/Lab/Lab4/Basys-3-Master.xdc:72]
Resolution: If [get_<value>] was used to populate the object, check to make sure this command returns at least one valid object.
Finished Parsing XDC File [C:/Users/coren/OneDrive/Documents/Unif/Ma2/Digital architecture and design/Lab/Lab4/Basys-3-Master.xdc]
Completed Processing XDC Constraints

Netlist sorting complete. Time (s): cpu = 00:00:00 ; elapsed = 00:00:00 . Memory (MB): peak = 1445.836 ; gain = 0.000
INFO: [Project 1-111] Unisim Transformation Summary:
No Unisim elements were transformed.

Le chemin d'accŠs sp‚cifi‚ est introuvable.
Constraint Validation Runtime : Time (s): cpu = 00:00:00 ; elapsed = 00:00:00.007 . Memory (MB): peak = 1445.836 ; gain = 0.000
INFO: [Designutils 20-5440] No compile time benefit to using incremental synthesis; A full resynthesis will be run
INFO: [Designutils 20-4379] Flow is switching to default flow due to incremental criteria not met. If you would like to alter this behaviour and have the flow terminate instead, please set the following parameter config_implementation {autoIncr.Synth.RejectBehavior Terminate}
---------------------------------------------------------------------------------
Finished Constraint Validation : Time (s): cpu = 00:00:25 ; elapsed = 00:00:26 . Memory (MB): peak = 1445.836 ; gain = 552.887
---------------------------------------------------------------------------------
---------------------------------------------------------------------------------
Start Loading Part and Timing Information
---------------------------------------------------------------------------------
Loading part: xc7a35tcpg236-1
---------------------------------------------------------------------------------
Finished Loading Part and Timing Information : Time (s): cpu = 00:00:25 ; elapsed = 00:00:26 . Memory (MB): peak = 1445.836 ; gain = 552.887
---------------------------------------------------------------------------------
---------------------------------------------------------------------------------
Start Applying 'set_property' XDC Constraints
---------------------------------------------------------------------------------
---------------------------------------------------------------------------------
Finished applying 'set_property' XDC Constraints : Time (s): cpu = 00:00:25 ; elapsed = 00:00:26 . Memory (MB): peak = 1445.836 ; gain = 552.887
---------------------------------------------------------------------------------
---------------------------------------------------------------------------------
Finished RTL Optimization Phase 2 : Time (s): cpu = 00:00:25 ; elapsed = 00:00:27 . Memory (MB): peak = 1445.836 ; gain = 552.887
---------------------------------------------------------------------------------
---------------------------------------------------------------------------------
Start RTL Component Statistics 
---------------------------------------------------------------------------------
Detailed RTL Component Info : 
---------------------------------------------------------------------------------
Finished RTL Component Statistics 
---------------------------------------------------------------------------------
---------------------------------------------------------------------------------
Start Part Resource Summary
---------------------------------------------------------------------------------
Part Resources:
DSPs: 90 (col length:60)
BRAMs: 100 (col length: RAMB18 60 RAMB36 30)
---------------------------------------------------------------------------------
Finished Part Resource Summary
---------------------------------------------------------------------------------
---------------------------------------------------------------------------------
Start Cross Boundary and Area Optimization
---------------------------------------------------------------------------------
WARNING: [Synth 8-7080] Parallel synthesis criteria is not met
WARNING: [Synth 8-3330] design display_tb has an empty top module
---------------------------------------------------------------------------------
Finished Cross Boundary and Area Optimization : Time (s): cpu = 00:00:28 ; elapsed = 00:00:30 . Memory (MB): peak = 1445.836 ; gain = 552.887
---------------------------------------------------------------------------------
---------------------------------------------------------------------------------
Start Applying XDC Timing Constraints
---------------------------------------------------------------------------------
---------------------------------------------------------------------------------
Finished Applying XDC Timing Constraints : Time (s): cpu = 00:00:36 ; elapsed = 00:00:38 . Memory (MB): peak = 1445.836 ; gain = 552.887
---------------------------------------------------------------------------------
---------------------------------------------------------------------------------
Start Timing Optimization
---------------------------------------------------------------------------------
---------------------------------------------------------------------------------
Finished Timing Optimization : Time (s): cpu = 00:00:36 ; elapsed = 00:00:38 . Memory (MB): peak = 1445.836 ; gain = 552.887
---------------------------------------------------------------------------------
---------------------------------------------------------------------------------
Start Technology Mapping
---------------------------------------------------------------------------------
---------------------------------------------------------------------------------
Finished Technology Mapping : Time (s): cpu = 00:00:36 ; elapsed = 00:00:38 . Memory (MB): peak = 1445.836 ; gain = 552.887
---------------------------------------------------------------------------------
---------------------------------------------------------------------------------
Start IO Insertion
---------------------------------------------------------------------------------
---------------------------------------------------------------------------------
Start Flattening Before IO Insertion
---------------------------------------------------------------------------------
---------------------------------------------------------------------------------
Finished Flattening Before IO Insertion
---------------------------------------------------------------------------------
---------------------------------------------------------------------------------
Start Final Netlist Cleanup
---------------------------------------------------------------------------------
---------------------------------------------------------------------------------
Finished Final Netlist Cleanup
---------------------------------------------------------------------------------
---------------------------------------------------------------------------------
Finished IO Insertion : Time (s): cpu = 00:00:44 ; elapsed = 00:00:46 . Memory (MB): peak = 1445.836 ; gain = 552.887
---------------------------------------------------------------------------------
---------------------------------------------------------------------------------
Start Renaming Generated Instances
---------------------------------------------------------------------------------
---------------------------------------------------------------------------------
Finished Renaming Generated Instances : Time (s): cpu = 00:00:44 ; elapsed = 00:00:46 . Memory (MB): peak = 1445.836 ; gain = 552.887
---------------------------------------------------------------------------------
---------------------------------------------------------------------------------
Start Rebuilding User Hierarchy
---------------------------------------------------------------------------------
---------------------------------------------------------------------------------
Finished Rebuilding User Hierarchy : Time (s): cpu = 00:00:44 ; elapsed = 00:00:46 . Memory (MB): peak = 1445.836 ; gain = 552.887
---------------------------------------------------------------------------------
---------------------------------------------------------------------------------
Start Renaming Generated Ports
---------------------------------------------------------------------------------
---------------------------------------------------------------------------------
Finished Renaming Generated Ports : Time (s): cpu = 00:00:44 ; elapsed = 00:00:46 . Memory (MB): peak = 1445.836 ; gain = 552.887
---------------------------------------------------------------------------------
---------------------------------------------------------------------------------
Start Handling Custom Attributes
---------------------------------------------------------------------------------
---------------------------------------------------------------------------------
Finished Handling Custom Attributes : Time (s): cpu = 00:00:44 ; elapsed = 00:00:46 . Memory (MB): peak = 1445.836 ; gain = 552.887
---------------------------------------------------------------------------------
---------------------------------------------------------------------------------
Start Renaming Generated Nets
---------------------------------------------------------------------------------
---------------------------------------------------------------------------------
Finished Renaming Generated Nets : Time (s): cpu = 00:00:44 ; elapsed = 00:00:46 . Memory (MB): peak = 1445.836 ; gain = 552.887
---------------------------------------------------------------------------------
---------------------------------------------------------------------------------
Start Writing Synthesis Report
---------------------------------------------------------------------------------

Report BlackBoxes: 
+-+--------------+----------+
| |BlackBox name |Instances |
+-+--------------+----------+
+-+--------------+----------+

Report Cell Usage: 
+------+-----------+------+
|      |Cell       |Count |
+------+-----------+------+
|1     |display_tb |     1|
+------+-----------+------+
---------------------------------------------------------------------------------
Finished Writing Synthesis Report : Time (s): cpu = 00:00:44 ; elapsed = 00:00:46 . Memory (MB): peak = 1445.836 ; gain = 552.887
---------------------------------------------------------------------------------
Synthesis finished with 0 errors, 0 critical warnings and 2 warnings.
Synthesis Optimization Runtime : Time (s): cpu = 00:00:30 ; elapsed = 00:00:44 . Memory (MB): peak = 1445.836 ; gain = 546.582
Synthesis Optimization Complete : Time (s): cpu = 00:00:45 ; elapsed = 00:00:47 . Memory (MB): peak = 1445.836 ; gain = 552.887
INFO: [Project 1-571] Translating synthesized netlist
Netlist sorting complete. Time (s): cpu = 00:00:00 ; elapsed = 00:00:00 . Memory (MB): peak = 1445.836 ; gain = 0.000
INFO: [Project 1-570] Preparing netlist for logic optimization
INFO: [Opt 31-138] Pushed 0 inverter(s) to 0 load pin(s).
Netlist sorting complete. Time (s): cpu = 00:00:00 ; elapsed = 00:00:00 . Memory (MB): peak = 1448.867 ; gain = 0.000
INFO: [Project 1-111] Unisim Transformation Summary:
No Unisim elements were transformed.

Le chemin d'accŠs sp‚cifi‚ est introuvable.
Synth Design complete | Checksum: f55aa1b2
INFO: [Common 17-83] Releasing license: Synthesis
20 Infos, 32 Warnings, 29 Critical Warnings and 0 Errors encountered.
synth_design completed successfully
synth_design: Time (s): cpu = 00:00:51 ; elapsed = 00:00:55 . Memory (MB): peak = 1448.867 ; gain = 943.945
INFO: [runtcl-6] Synthesis results are not added to the cache due to CRITICAL_WARNING
INFO: [Common 17-1381] The checkpoint 'C:/Users/coren/Documents/Unif/Digital architecture and design/elech409_project/display/display.runs/synth_1/display_tb.dcp' has been generated.
INFO: [runtcl-4] Executing : report_utilization -file display_tb_utilization_synth.rpt -pb display_tb_utilization_synth.pb
INFO: [Common 17-206] Exiting Vivado at Wed Dec 20 17:56:49 2023...
